<?xml version="1.0" encoding="UTF-8"?>
<!-- Generated by org.testng.reporters.JUnitReportReporter -->
<testsuite hostname="RANJIT" failures="0" tests="1" name="githubPractice.Practice1" time="0.009" errors="0" timestamp="2022-01-20T17:31:07 IST" skipped="0">
  <testcase classname="githubPractice.Practice1" name="demo1" time="0.009"/>
  <system-out/>
</testsuite> <!-- githubPractice.Practice1 -->
