<?xml version="1.0" encoding="UTF-8"?>
<!-- Generated by org.testng.reporters.JUnitReportReporter -->
<testsuite hostname="RANJIT" failures="0" tests="1" name="sdet28githubpractice.GitHub" time="0.011" errors="0" timestamp="2022-01-20T17:23:47 IST" skipped="0">
  <testcase classname="sdet28githubpractice.GitHub" name="demo" time="0.011"/>
  <system-out/>
</testsuite> <!-- sdet28githubpractice.GitHub -->
